<?xml version="1.0" encoding="UTF-8"?>
<!-- Generated by org.testng.reporters.JUnitReportReporter -->
<testsuite hostname="sarath-1928.local" name="com.appium.pom.saraapp.ClickScanStamp" tests="1" failures="0" timestamp="21 Dec 2016 11:42:30 GMT" time="36.525" errors="0">
  <testcase name="ClickScanStamp" time="36.525" classname="com.appium.pom.saraapp.ClickScanStamp"/>
</testsuite> <!-- com.appium.pom.saraapp.ClickScanStamp -->
