<?xml version="1.0" encoding="UTF-8"?>
<!-- Generated by org.testng.reporters.JUnitReportReporter -->
<testsuite hostname="sarath-1928.local" name="com.appium.pom.saraapp.CheckForTheRespectiveButtonsandEnable_DisaleState_ItemsinWork" tests="1" failures="0" timestamp="21 Dec 2016 10:13:34 GMT" time="38.125" errors="0">
  <testcase name="CheckForTheRespectiveButtonsandEnable_DisaleState_ItemsinWork" time="38.125" classname="com.appium.pom.saraapp.CheckForTheRespectiveButtonsandEnable_DisaleState_ItemsinWork"/>
</testsuite> <!-- com.appium.pom.saraapp.CheckForTheRespectiveButtonsandEnable_DisaleState_ItemsinWork -->
