<?xml version="1.0" encoding="UTF-8"?>
<!-- Generated by org.testng.reporters.JUnitReportReporter -->
<testsuite hostname="sarath-1928.local" name="com.appium.pom.saraapp.LoginToTheApplication_AndPerformSomeTask" tests="1" failures="0" timestamp="15 Dec 2016 11:50:56 GMT" time="35.515" errors="0">
  <testcase name="LoginToTheApplication_AndPerformSomeTask" time="35.515" classname="com.appium.pom.saraapp.LoginToTheApplication_AndPerformSomeTask"/>
</testsuite> <!-- com.appium.pom.saraapp.LoginToTheApplication_AndPerformSomeTask -->
